<?xml version="1.0" encoding="UTF-8"?>
<testng-results ignored="0" total="1" passed="1" failed="0" skipped="0">
  <reporter-output>
  </reporter-output>
  <suite started-at="2023-05-18T22:41:57 IST" name="Suite1" finished-at="2023-05-18T22:42:02 IST" duration-ms="4702">
    <groups>
    </groups>
    <test started-at="2023-05-18T22:41:57 IST" name="IntegrationLAB" finished-at="2023-05-18T22:42:02 IST" duration-ms="4702">
      <class name="searchTest.SearchTitleTest">
        <test-method is-config="true" signature="openBrowser()[pri:0, instance:searchTest.SearchTitleTest@74e52303]" started-at="2023-05-18T22:41:57 IST" name="openBrowser" finished-at="2023-05-18T22:41:59 IST" duration-ms="2006" status="PASS">
          <reporter-output>
          </reporter-output>
        </test-method> <!-- openBrowser -->
        <test-method signature="validateTitle()[pri:0, instance:searchTest.SearchTitleTest@74e52303]" started-at="2023-05-18T22:41:59 IST" name="validateTitle" finished-at="2023-05-18T22:42:02 IST" duration-ms="2492" status="PASS">
          <reporter-output>
          </reporter-output>
        </test-method> <!-- validateTitle -->
        <test-method is-config="true" signature="closeBrowser()[pri:0, instance:searchTest.SearchTitleTest@74e52303]" started-at="2023-05-18T22:42:02 IST" name="closeBrowser" finished-at="2023-05-18T22:42:02 IST" duration-ms="174" status="PASS">
          <reporter-output>
          </reporter-output>
        </test-method> <!-- closeBrowser -->
      </class> <!-- searchTest.SearchTitleTest -->
    </test> <!-- IntegrationLAB -->
  </suite> <!-- Suite1 -->
</testng-results>
