<?xml version="1.0" encoding="UTF-8"?>
<testng-results ignored="0" total="1" passed="1" failed="0" skipped="0">
  <reporter-output>
  </reporter-output>
  <suite started-at="2023-05-18T22:32:09 IST" name="Suite1" finished-at="2023-05-18T22:32:13 IST" duration-ms="4409">
    <groups>
    </groups>
    <test started-at="2023-05-18T22:32:09 IST" name="IntegrationLAB" finished-at="2023-05-18T22:32:13 IST" duration-ms="4409">
      <class name="searchTest.SearchTitleTest">
        <test-method is-config="true" signature="openBrowser()[pri:0, instance:searchTest.SearchTitleTest@313ac989]" started-at="2023-05-18T22:32:09 IST" name="openBrowser" finished-at="2023-05-18T22:32:11 IST" duration-ms="2033" status="PASS">
          <reporter-output>
          </reporter-output>
        </test-method> <!-- openBrowser -->
        <test-method signature="validateTitle()[pri:0, instance:searchTest.SearchTitleTest@313ac989]" started-at="2023-05-18T22:32:11 IST" name="validateTitle" finished-at="2023-05-18T22:32:13 IST" duration-ms="2196" status="PASS">
          <reporter-output>
          </reporter-output>
        </test-method> <!-- validateTitle -->
        <test-method is-config="true" signature="closeBrowser()[pri:0, instance:searchTest.SearchTitleTest@313ac989]" started-at="2023-05-18T22:32:13 IST" name="closeBrowser" finished-at="2023-05-18T22:32:13 IST" duration-ms="152" status="PASS">
          <reporter-output>
          </reporter-output>
        </test-method> <!-- closeBrowser -->
      </class> <!-- searchTest.SearchTitleTest -->
    </test> <!-- IntegrationLAB -->
  </suite> <!-- Suite1 -->
</testng-results>
